This is pdfTeX, Version 3.1415926-2.5-1.40.14 (MiKTeX 2.9) (preloaded format=pdflatex 2014.11.4)  17 NOV 2014 14:35
entering extended mode
**qtreenotes.tex
("D:\Document\My research\qtree\qtreenotes.tex"
LaTeX2e <2011/06/27>
Babel <v3.8m> and hyphenation patterns for english, afrikaans, ancientgreek, ar
abic, armenian, assamese, basque, bengali, bokmal, bulgarian, catalan, coptic, 
croatian, czech, danish, dutch, esperanto, estonian, farsi, finnish, french, ga
lician, german, german-x-2013-05-26, greek, gujarati, hindi, hungarian, iceland
ic, indonesian, interlingua, irish, italian, kannada, kurmanji, latin, latvian,
 lithuanian, malayalam, marathi, mongolian, mongolianlmc, monogreek, ngerman, n
german-x-2013-05-26, nynorsk, oriya, panjabi, pinyin, polish, portuguese, roman
ian, russian, sanskrit, serbian, slovak, slovenian, spanish, swedish, swissgerm
an, tamil, telugu, turkish, turkmen, ukenglish, ukrainian, uppersorbian, usengl
ishmax, welsh, loaded.
(E:\MiKTeX\tex\latex\base\ltxdoc.cls
Document Class: ltxdoc 2007/11/11 v2.0u Standard LaTeX documentation class
(E:\MiKTeX\tex\latex\base\article.cls
Document Class: article 2007/10/19 v1.4h Standard LaTeX document class
(E:\MiKTeX\tex\latex\base\size11.clo
File: size11.clo 2007/10/19 v1.4h Standard LaTeX file (size option)
)
\c@part=\count79
\c@section=\count80
\c@subsection=\count81
\c@subsubsection=\count82
\c@paragraph=\count83
\c@subparagraph=\count84
\c@figure=\count85
\c@table=\count86
\abovecaptionskip=\skip41
\belowcaptionskip=\skip42
\bibindent=\dimen102
) (E:\MiKTeX\tex\latex\base\doc.sty
Package: doc 2010/02/04 v2.1e Standard LaTeX documentation package (FMi)
\c@StandardModuleDepth=\count87
\guard@level=\count88
\MacrocodeTopsep=\skip43
\MacroIndent=\dimen103
\macro@cnt=\count89
\MacroTopsep=\skip44
\index@excludelist=\toks14

(E:\MiKTeX\tex\latex\tools\multicol.sty
Package: multicol 2011/06/27 v1.7a multicolumn formatting (FMi)
\c@tracingmulticols=\count90
\mult@box=\box26
\multicol@leftmargin=\dimen104
\c@unbalance=\count91
\c@collectmore=\count92
\doublecol@number=\count93
\multicoltolerance=\count94
\multicolpretolerance=\count95
\full@width=\dimen105
\page@free=\dimen106
\premulticols=\dimen107
\postmulticols=\dimen108
\multicolsep=\skip45
\multicolbaselineskip=\skip46
\partial@page=\box27
\last@line=\box28
\mult@rightbox=\box29
\mult@grightbox=\box30
\mult@gfirstbox=\box31
\mult@firstbox=\box32
\@tempa=\box33
\@tempa=\box34
\@tempa=\box35
\@tempa=\box36
\@tempa=\box37
\@tempa=\box38
\@tempa=\box39
\@tempa=\box40
\@tempa=\box41
\@tempa=\box42
\@tempa=\box43
\@tempa=\box44
\@tempa=\box45
\@tempa=\box46
\@tempa=\box47
\@tempa=\box48
\@tempa=\box49
\c@columnbadness=\count96
\c@finalcolumnbadness=\count97
\last@try=\dimen109
\multicolovershoot=\dimen110
\multicolundershoot=\dimen111
\mult@nat@firstbox=\box50
\colbreak@box=\box51
\multicol@sort@counter=\count98
)
\IndexMin=\dimen112
\c@IndexColumns=\count99
\GlossaryMin=\dimen113
\c@GlossaryColumns=\count100
\l@nohyphenation=\language69
\check@sum=\count101
\bslash@cnt=\count102
\wrong@table=\toks15
\c@CodelineNo=\count103
))
(E:\MiKTeX\tex\latex\hyperref\hyperref.sty
Package: hyperref 2012/11/06 v6.83m Hypertext links for LaTeX

(E:\MiKTeX\tex\generic\oberdiek\hobsub-hyperref.sty
Package: hobsub-hyperref 2012/04/25 v1.12 Bundle oberdiek, subset hyperref (HO)


(E:\MiKTeX\tex\generic\oberdiek\hobsub-generic.sty
Package: hobsub-generic 2012/04/25 v1.12 Bundle oberdiek, subset generic (HO)
Package: hobsub 2012/04/25 v1.12 Construct package bundles (HO)
Package: infwarerr 2010/04/08 v1.3 Providing info/warning/error messages (HO)
Package: ltxcmds 2011/11/09 v1.22 LaTeX kernel commands for general use (HO)
Package: ifluatex 2010/03/01 v1.3 Provides the ifluatex switch (HO)
Package ifluatex Info: LuaTeX not detected.
Package: ifvtex 2010/03/01 v1.5 Detect VTeX and its facilities (HO)
Package ifvtex Info: VTeX not detected.
Package: intcalc 2007/09/27 v1.1 Expandable calculations with integers (HO)
Package: ifpdf 2011/01/30 v2.3 Provides the ifpdf switch (HO)
Package ifpdf Info: pdfTeX in PDF mode is detected.
Package: etexcmds 2011/02/16 v1.5 Avoid name clashes with e-TeX commands (HO)
Package etexcmds Info: Could not find \expanded.
(etexcmds)             That can mean that you are not using pdfTeX 1.50 or
(etexcmds)             that some package has redefined \expanded.
(etexcmds)             In the latter case, load this package earlier.
Package: kvsetkeys 2012/04/25 v1.16 Key value parser (HO)
Package: kvdefinekeys 2011/04/07 v1.3 Define keys (HO)
Package: pdftexcmds 2011/11/29 v0.20 Utility functions of pdfTeX for LuaTeX (HO
)
Package pdftexcmds Info: LuaTeX not detected.
Package pdftexcmds Info: \pdf@primitive is available.
Package pdftexcmds Info: \pdf@ifprimitive is available.
Package pdftexcmds Info: \pdfdraftmode found.
Package: pdfescape 2011/11/25 v1.13 Implements pdfTeX's escape features (HO)
Package: bigintcalc 2012/04/08 v1.3 Expandable calculations on big integers (HO
)
Package: bitset 2011/01/30 v1.1 Handle bit-vector datatype (HO)
Package: uniquecounter 2011/01/30 v1.2 Provide unlimited unique counter (HO)
)
Package hobsub Info: Skipping package `hobsub' (already loaded).
Package: letltxmacro 2010/09/02 v1.4 Let assignment for LaTeX macros (HO)
Package: hopatch 2011/06/24 v1.1 Wrapper for package hooks (HO)
Package: xcolor-patch 2011/01/30 xcolor patch
Package: atveryend 2011/06/30 v1.8 Hooks at the very end of document (HO)
Package atveryend Info: \enddocument detected (standard20110627).
Package: atbegshi 2011/10/05 v1.16 At begin shipout hook (HO)
Package: refcount 2011/10/16 v3.4 Data extraction from label references (HO)
Package: hycolor 2011/01/30 v1.7 Color options for hyperref/bookmark (HO)
)
(E:\MiKTeX\tex\latex\graphics\keyval.sty
Package: keyval 1999/03/16 v1.13 key=value parser (DPC)
\KV@toks@=\toks16
)
(E:\MiKTeX\tex\generic\ifxetex\ifxetex.sty
Package: ifxetex 2010/09/12 v0.6 Provides ifxetex conditional
)
(E:\MiKTeX\tex\latex\oberdiek\auxhook.sty
Package: auxhook 2011/03/04 v1.3 Hooks for auxiliary files (HO)
)
(E:\MiKTeX\tex\latex\oberdiek\kvoptions.sty
Package: kvoptions 2011/06/30 v3.11 Key value format for package options (HO)
)
\@linkdim=\dimen114
\Hy@linkcounter=\count104
\Hy@pagecounter=\count105

(E:\MiKTeX\tex\latex\hyperref\pd1enc.def
File: pd1enc.def 2012/11/06 v6.83m Hyperref: PDFDocEncoding definition (HO)
)
\Hy@SavedSpaceFactor=\count106

(E:\MiKTeX\tex\latex\00miktex\hyperref.cfg
File: hyperref.cfg 2002/06/06 v1.2 hyperref configuration of TeXLive
)
Package hyperref Info: Option `bookmarks' set `true' on input line 4319.
Package hyperref Info: Hyper figures OFF on input line 4443.
Package hyperref Info: Link nesting OFF on input line 4448.
Package hyperref Info: Hyper index ON on input line 4451.
Package hyperref Info: Plain pages OFF on input line 4458.
Package hyperref Info: Backreferencing OFF on input line 4463.
Package hyperref Info: Implicit mode ON; LaTeX internals redefined.
Package hyperref Info: Bookmarks ON on input line 4688.
\c@Hy@tempcnt=\count107
 (E:\MiKTeX\tex\latex\url\url.sty
\Urlmuskip=\muskip10
Package: url 2013/09/16  ver 3.4  Verb mode for urls, etc.
)
LaTeX Info: Redefining \url on input line 5041.
\XeTeXLinkMargin=\dimen115
\Fld@menulength=\count108
\Field@Width=\dimen116
\Fld@charsize=\dimen117
Package hyperref Info: Hyper figures OFF on input line 6295.
Package hyperref Info: Link nesting OFF on input line 6300.
Package hyperref Info: Hyper index ON on input line 6303.
Package hyperref Info: backreferencing OFF on input line 6310.
Package hyperref Info: Link coloring OFF on input line 6315.
Package hyperref Info: Link coloring with OCG OFF on input line 6320.
Package hyperref Info: PDF/A mode OFF on input line 6325.
LaTeX Info: Redefining \ref on input line 6365.
LaTeX Info: Redefining \pageref on input line 6369.
\Hy@abspage=\count109
\c@Item=\count110
\c@Hfootnote=\count111
)

Package hyperref Message: Driver (autodetected): hpdftex.

(E:\MiKTeX\tex\latex\hyperref\hpdftex.def
File: hpdftex.def 2012/11/06 v6.83m Hyperref driver for pdfTeX
\Fld@listcount=\count112
\c@bookmark@seq@number=\count113

(E:\MiKTeX\tex\latex\oberdiek\rerunfilecheck.sty
Package: rerunfilecheck 2011/04/15 v1.7 Rerun checks for auxiliary files (HO)
Package uniquecounter Info: New unique counter `rerunfilecheck' on input line 2
82.
)
\Hy@SectionHShift=\skip47
)
Package doc Info: | not a short reference for \verb(*) on input line 21.

("D:\Document\My research\qtree\qtree.sty"
Package: 2008/12/12 v.3.1bQtree: tree-drawing for linguistics
Package: qtree 2008/12/12 v.3.1bQtree: tree-drawing for linguistics
(E:\MiKTeX\tex\latex\pict2e\pict2e.sty
Package: pict2e 2014/01/12 v0.2z Improved picture commands (HjG,RN,JT)
 (E:\MiKTeX\tex\latex\00miktex\pict2e.cfg
File: pict2e.cfg 2005/12/29 v1.0 MiKTeX 'pict2e' configuration
)
Package pict2e Info: Driver file: pdftex.def on input line 119.
 (E:\MiKTeX\tex\latex\pdftex-def\pdftex.def
File: pdftex.def 2011/05/27 v0.06d Graphics/color for pdfTeX
\Gread@gobject=\count114
)
Package pict2e Info: Driver file for pict2e: p2e-pdftex.def on input line 121.

(E:\MiKTeX\tex\latex\pict2e\p2e-pdftex.def
File: p2e-pdftex.def 2011/04/05 v0.1t Driver-dependant file (RN,HjG,JT)
)
(E:\MiKTeX\tex\latex\graphics\trig.sty
Package: trig 1999/03/16 v1.09 sin cos tan (DPC)
)
\pIIe@GRAPH=\toks17
\@arclen=\dimen118
\@arcrad=\dimen119
\@tempdimd=\dimen120
)
\c@treecount=\count115
\c@branchcount=\count116
\parentbox=\box52
\treebox=\box53
\treeboxone=\box54
\treeboxtwo=\box55
\treeboxthree=\box56
\treeboxfour=\box57
\treeboxfive=\box58
\treeboxsix=\box59
\treeboxseven=\box60
\treeboxeight=\box61
\treeboxnine=\box62
\treeboxten=\box63
\treeboxeleven=\box64
\treeboxtwelve=\box65
\treeboxthirteen=\box66
\treeboxfourteen=\box67
\treeboxfifteen=\box68
\treeboxsixteen=\box69
\treeboxseventeen=\box70
\treeboxeighteen=\box71
\treeboxnineteen=\box72
\treeboxtwenty=\box73
\treeoffsetone=\skip48
\treeoffsettwo=\skip49
\treeoffsetthree=\skip50
\treeoffsetfour=\skip51
\treeoffsetfive=\skip52
\treeoffsetsix=\skip53
\treeoffsetseven=\skip54
\treeoffseteight=\skip55
\treeoffsetnine=\skip56
\treeoffsetten=\skip57
\treeoffseteleven=\skip58
\treeoffsettwelve=\skip59
\treeoffsetthirteen=\skip60
\treeoffsetfourteen=\skip61
\treeoffsetfifteen=\skip62
\treeoffsetsixteen=\skip63
\treeoffsetseventeen=\skip64
\treeoffseteighteen=\skip65
\treeoffsetnineteen=\skip66
\treeoffsettwenty=\skip67
\treeshiftone=\skip68
\treeshifttwo=\skip69
\treeshiftthree=\skip70
\treeshiftfour=\skip71
\treeshiftfive=\skip72
\treeshiftsix=\skip73
\treeshiftseven=\skip74
\treeshifteight=\skip75
\treeshiftnine=\skip76
\treeshiftten=\skip77
\treeshifteleven=\skip78
\treeshifttwelve=\skip79
\treeshiftthirteen=\skip80
\treeshiftfourteen=\skip81
\treeshiftfifteen=\skip82
\treeshiftsixteen=\skip83
\treeshiftseventeen=\skip84
\treeshifteighteen=\skip85
\treeshiftnineteen=\skip86
\treeshifttwenty=\skip87
\treewidthone=\skip88
\treewidthtwo=\skip89
\treewidththree=\skip90
\treewidthfour=\skip91
\treewidthfive=\skip92
\treewidthsix=\skip93
\treewidthseven=\skip94
\treewidtheight=\skip95
\treewidthnine=\skip96
\treewidthten=\skip97
\treewidtheleven=\skip98
\treewidthtwelve=\skip99
\treewidththirteen=\skip100
\treewidthfourteen=\skip101
\treewidthfifteen=\skip102
\treewidthsixteen=\skip103
\treewidthseventeen=\skip104
\treewidtheighteen=\skip105
\treewidthnineteen=\skip106
\treewidthtwenty=\skip107
\daughteroffsetone=\skip108
\daughteroffsettwo=\skip109
\daughteroffsetthree=\skip110
\daughteroffsetfour=\skip111
\branchwidthone=\skip112
\branchwidthtwo=\skip113
\branchwidththree=\skip114
\branchwidthfour=\skip115
\parentoffset=\skip116
\treeoffset=\skip117
\daughteroffset=\skip118
\branchwidth=\skip119
\parentwidth=\skip120
\treewidth=\skip121
\qta=\toks18
\qtb=\toks19
\nbranches=\count117
\qroofx=\count118
\qroofy=\count119
\@qrscratchbox=\box74
)
("D:\Document\My research\qtree\qtreenotes.aux")
LaTeX Font Info:    Checking defaults for OML/cmm/m/it on input line 52.
LaTeX Font Info:    ... okay on input line 52.
LaTeX Font Info:    Checking defaults for T1/cmr/m/n on input line 52.
LaTeX Font Info:    ... okay on input line 52.
LaTeX Font Info:    Checking defaults for OT1/cmr/m/n on input line 52.
LaTeX Font Info:    ... okay on input line 52.
LaTeX Font Info:    Checking defaults for OMS/cmsy/m/n on input line 52.
LaTeX Font Info:    ... okay on input line 52.
LaTeX Font Info:    Checking defaults for OMX/cmex/m/n on input line 52.
LaTeX Font Info:    ... okay on input line 52.
LaTeX Font Info:    Checking defaults for U/cmr/m/n on input line 52.
LaTeX Font Info:    ... okay on input line 52.
LaTeX Font Info:    Checking defaults for PD1/pdf/m/n on input line 52.
LaTeX Font Info:    ... okay on input line 52.
Package doc Info: Made | a short reference for \verb on input line 52.
\AtBeginShipoutBox=\box75
Package hyperref Info: Link coloring OFF on input line 52.

(E:\MiKTeX\tex\latex\hyperref\nameref.sty
Package: nameref 2012/10/27 v2.43 Cross-referencing by name of section

(E:\MiKTeX\tex\generic\oberdiek\gettitlestring.sty
Package: gettitlestring 2010/12/03 v1.4 Cleanup title references (HO)
)
\c@section@level=\count120
)
LaTeX Info: Redefining \ref on input line 52.
LaTeX Info: Redefining \pageref on input line 52.
LaTeX Info: Redefining \nameref on input line 52.

("D:\Document\My research\qtree\qtreenotes.out")
("D:\Document\My research\qtree\qtreenotes.out")
\@outlinefile=\write3

(E:\MiKTeX\tex\context\base\supp-pdf.mkii
[Loading MPS to PDF converter (version 2006.09.02).]
\scratchcounter=\count121
\scratchdimen=\dimen121
\scratchbox=\box76
\nofMPsegments=\count122
\nofMParguments=\count123
\everyMPshowfont=\toks20
\MPscratchCnt=\count124
\MPscratchDim=\dimen122
\MPnumerator=\count125
\makeMPintoPDFobject=\count126
\everyMPtoPDFconversion=\toks21
)
LaTeX Font Info:    External font `cmex10' loaded for size
(Font)              <14.4> on input line 55.
LaTeX Font Info:    External font `cmex10' loaded for size
(Font)              <7> on input line 55.
LaTeX Font Info:    External font `cmex10' loaded for size
(Font)              <9> on input line 58.
LaTeX Font Info:    External font `cmex10' loaded for size
(Font)              <6> on input line 58.
LaTeX Font Info:    External font `cmex10' loaded for size
(Font)              <5> on input line 58.
LaTeX Font Info:    Font shape `OT1/cmss/m/it' in size <10.95> not available
(Font)              Font shape `OT1/cmss/m/sl' tried instead on input line 68.
LaTeX Font Info:    External font `cmex10' loaded for size
(Font)              <10.95> on input line 82.
LaTeX Font Info:    External font `cmex10' loaded for size
(Font)              <8> on input line 82.
LaTeX Font Info:    Font shape `OT1/cmss/m/it' in size <9> not available
(Font)              Font shape `OT1/cmss/m/sl' tried instead on input line 104.

 [1

{C:/Users/lelightwin/AppData/Local/MiKTeX/2.9/pdftex/config/pdftex.map}]
[2] ("D:\Document\My research\qtree\qtreenotes.toc")
\tf@toc=\write4
 [3]

LaTeX Warning: Marginpar on page 4 moved.

[4]

LaTeX Warning: Marginpar on page 5 moved.

[5]

LaTeX Warning: Marginpar on page 6 moved.


LaTeX Warning: Marginpar on page 6 moved.

[6]

LaTeX Warning: Marginpar on page 7 moved.


Overfull \hbox (2.39508pt too wide) in paragraph at lines 354--358
[]\OT1/cmr/m/n/10.95 Because this fea-ture re-lies on []\OT1/cmtt/m/n/10.95 \ca
tcode \OT1/cmr/m/n/10.95 changes for its op-er-a-tion, \OT1/cmtt/m/n/10.95 \aut
omath
 []

[7]

LaTeX Warning: Marginpar on page 8 moved.

[8] [9] [10] [11]
Overfull \hbox (1.99689pt too wide) in paragraph at lines 689--689
[]    \OT1/cmtt/m/n/10 [.VP t [ [.V^0 turning ] [.NP pink ] ] ].VP !{\qframesub
tree} ]][] 
 []

\partbox=\box77
[12] [13] [14]

LaTeX Font Warning: Font shape `OT1/cmss/bx/it' undefined
(Font)              using `OT1/cmss/bx/n' instead on input line 910.

[15] [16] [17]
Package atveryend Info: Empty hook `BeforeClearDocument' on input line 1038.
 [18]
Package atveryend Info: Empty hook `AfterLastShipout' on input line 1038.
 ("D:\Document\My research\qtree\qtreenotes.aux")
Package atveryend Info: Executing hook `AtVeryEndDocument' on input line 1038.
Package atveryend Info: Executing hook `AtEndAfterFileList' on input line 1038.

Package rerunfilecheck Info: File `qtreenotes.out' has not changed.
(rerunfilecheck)             Checksum: B26D5B2DD64AE5753B192165BC8646B6;1816.


LaTeX Font Warning: Some font shapes were not available, defaults substituted.

Package atveryend Info: Empty hook `AtVeryVeryEnd' on input line 1038.
 ) 
Here is how much of TeX's memory you used:
 5647 strings out of 493921
 80848 string characters out of 3154485
 184480 words of memory out of 3000000
 8821 multiletter control sequences out of 15000+200000
 13204 words of font info for 46 fonts, out of 3000000 for 9000
 841 hyphenation exceptions out of 8191
 30i,20n,28p,567b,473s stack positions out of 5000i,500n,10000p,200000b,50000s
<E:/MiKTeX/fonts/type1/public/amsfonts/cm/cmbx10.pfb><E:/MiKTeX/fonts/type1/p
ublic/amsfonts/cm/cmbx12.pfb><E:/MiKTeX/fonts/type1/public/amsfonts/cm/cmbxsl10
.pfb><E:/MiKTeX/fonts/type1/public/amsfonts/cm/cmcsc10.pfb><E:/MiKTeX/fonts/typ
e1/public/amsfonts/cm/cmmi10.pfb><E:/MiKTeX/fonts/type1/public/amsfonts/cm/cmmi
8.pfb><E:/MiKTeX/fonts/type1/public/amsfonts/cm/cmr10.pfb><E:/MiKTeX/fonts/type
1/public/amsfonts/cm/cmr12.pfb><E:/MiKTeX/fonts/type1/public/amsfonts/cm/cmr6.p
fb><E:/MiKTeX/fonts/type1/public/amsfonts/cm/cmr7.pfb><E:/MiKTeX/fonts/type1/pu
blic/amsfonts/cm/cmr8.pfb><E:/MiKTeX/fonts/type1/public/amsfonts/cm/cmr9.pfb><E
:/MiKTeX/fonts/type1/public/amsfonts/cm/cmss10.pfb><E:/MiKTeX/fonts/type1/publi
c/amsfonts/cm/cmss9.pfb><E:/MiKTeX/fonts/type1/public/amsfonts/cm/cmssbx10.pfb>
<E:/MiKTeX/fonts/type1/public/amsfonts/cm/cmssi10.pfb><E:/MiKTeX/fonts/type1/pu
blic/amsfonts/cm/cmssi9.pfb><E:/MiKTeX/fonts/type1/public/amsfonts/cm/cmsy10.pf
b><E:/MiKTeX/fonts/type1/public/amsfonts/cm/cmsy8.pfb><E:/MiKTeX/fonts/type1/pu
blic/amsfonts/cm/cmsy9.pfb><E:/MiKTeX/fonts/type1/public/amsfonts/cm/cmti10.pfb
><E:/MiKTeX/fonts/type1/public/amsfonts/cm/cmti9.pfb><E:/MiKTeX/fonts/type1/pub
lic/amsfonts/cm/cmtt10.pfb><E:/MiKTeX/fonts/type1/public/amsfonts/cm/cmtt9.pfb>

Output written on qtreenotes.pdf (18 pages, 365906 bytes).
PDF statistics:
 398 PDF objects out of 1000 (max. 8388607)
 92 named destinations out of 1000 (max. 500000)
 217 words of extra memory for PDF output out of 10000 (max. 10000000)

