This is pdfTeX, Version 3.1415926-2.5-1.40.14 (MiKTeX 2.9) (preloaded format=pdflatex 2014.11.4)  28 JAN 2015 09:18
entering extended mode
**acl2014.tex
("D:\Document\My research\paper - 2nd version\acl2014.tex"
LaTeX2e <2011/06/27>
Babel <v3.8m> and hyphenation patterns for english, afrikaans, ancientgreek, ar
abic, armenian, assamese, basque, bengali, bokmal, bulgarian, catalan, coptic, 
croatian, czech, danish, dutch, esperanto, estonian, farsi, finnish, french, ga
lician, german, german-x-2013-05-26, greek, gujarati, hindi, hungarian, iceland
ic, indonesian, interlingua, irish, italian, kannada, kurmanji, latin, latvian,
 lithuanian, malayalam, marathi, mongolian, mongolianlmc, monogreek, ngerman, n
german-x-2013-05-26, nynorsk, oriya, panjabi, pinyin, polish, portuguese, roman
ian, russian, sanskrit, serbian, slovak, slovenian, spanish, swedish, swissgerm
an, tamil, telugu, turkish, turkmen, ukenglish, ukrainian, uppersorbian, usengl
ishmax, welsh, loaded.
(E:\MiKTeX\tex\latex\base\article.cls
Document Class: article 2007/10/19 v1.4h Standard LaTeX document class
(E:\MiKTeX\tex\latex\base\size11.clo
File: size11.clo 2007/10/19 v1.4h Standard LaTeX file (size option)
)
\c@part=\count79
\c@section=\count80
\c@subsection=\count81
\c@subsubsection=\count82
\c@paragraph=\count83
\c@subparagraph=\count84
\c@figure=\count85
\c@table=\count86
\abovecaptionskip=\skip41
\belowcaptionskip=\skip42
\bibindent=\dimen102
)
("D:\Document\My research\paper - 2nd version\naaclhlt2015.sty"
Conference Style for NAACL-HLT 2012 -- released August 30, 2011
\titlebox=\skip43
) (E:\MiKTeX\tex\latex\psnfss\times.sty
Package: times 2005/04/12 PSNFSS-v9.2a (SPQR) 
) (E:\MiKTeX\tex\latex\base\latexsym.sty
Package: latexsym 1998/08/17 v2.2e Standard LaTeX package (lasy symbols)
\symlasy=\mathgroup4
LaTeX Font Info:    Overwriting symbol font `lasy' in version `bold'
(Font)                  U/lasy/m/n --> U/lasy/b/n on input line 47.
) (E:\MiKTeX\tex\latex\url\url.sty
\Urlmuskip=\muskip10
Package: url 2013/09/16  ver 3.4  Verb mode for urls, etc.
) (E:\MiKTeX\tex\latex\graphics\graphicx.sty
Package: graphicx 1999/02/16 v1.0f Enhanced LaTeX Graphics (DPC,SPQR)

(E:\MiKTeX\tex\latex\graphics\keyval.sty
Package: keyval 1999/03/16 v1.13 key=value parser (DPC)
\KV@toks@=\toks14
)
(E:\MiKTeX\tex\latex\graphics\graphics.sty
Package: graphics 2009/02/05 v1.0o Standard LaTeX Graphics (DPC,SPQR)

(E:\MiKTeX\tex\latex\graphics\trig.sty
Package: trig 1999/03/16 v1.09 sin cos tan (DPC)
)
(E:\MiKTeX\tex\latex\00miktex\graphics.cfg
File: graphics.cfg 2007/01/18 v1.5 graphics configuration of teTeX/TeXLive
)
Package graphics Info: Driver file: pdftex.def on input line 91.

(E:\MiKTeX\tex\latex\pdftex-def\pdftex.def
File: pdftex.def 2011/05/27 v0.06d Graphics/color for pdfTeX

(E:\MiKTeX\tex\generic\oberdiek\infwarerr.sty
Package: infwarerr 2010/04/08 v1.3 Providing info/warning/error messages (HO)
)
(E:\MiKTeX\tex\generic\oberdiek\ltxcmds.sty
Package: ltxcmds 2011/11/09 v1.22 LaTeX kernel commands for general use (HO)
)
\Gread@gobject=\count87
))
\Gin@req@height=\dimen103
\Gin@req@width=\dimen104
)
("D:\Document\My research\paper - 2nd version\qtree.sty"
Package: 2008/12/12 v.3.1bQtree: tree-drawing for linguistics
Package: qtree 2008/12/12 v.3.1bQtree: tree-drawing for linguistics
(E:\MiKTeX\tex\latex\pict2e\pict2e.sty
Package: pict2e 2014/01/12 v0.2z Improved picture commands (HjG,RN,JT)
 (E:\MiKTeX\tex\latex\00miktex\pict2e.cfg
File: pict2e.cfg 2005/12/29 v1.0 MiKTeX 'pict2e' configuration
)
Package pict2e Info: Driver file: pdftex.def on input line 119.
Package pict2e Info: Driver file for pict2e: p2e-pdftex.def on input line 121.
 (E:\MiKTeX\tex\latex\pict2e\p2e-pdftex.def
File: p2e-pdftex.def 2011/04/05 v0.1t Driver-dependant file (RN,HjG,JT)
)
\pIIe@GRAPH=\toks15
\@arclen=\dimen105
\@arcrad=\dimen106
\@tempdimd=\dimen107
)
\c@treecount=\count88
\c@branchcount=\count89
\parentbox=\box26
\treebox=\box27
\treeboxone=\box28
\treeboxtwo=\box29
\treeboxthree=\box30
\treeboxfour=\box31
\treeboxfive=\box32
\treeboxsix=\box33
\treeboxseven=\box34
\treeboxeight=\box35
\treeboxnine=\box36
\treeboxten=\box37
\treeboxeleven=\box38
\treeboxtwelve=\box39
\treeboxthirteen=\box40
\treeboxfourteen=\box41
\treeboxfifteen=\box42
\treeboxsixteen=\box43
\treeboxseventeen=\box44
\treeboxeighteen=\box45
\treeboxnineteen=\box46
\treeboxtwenty=\box47
\treeoffsetone=\skip44
\treeoffsettwo=\skip45
\treeoffsetthree=\skip46
\treeoffsetfour=\skip47
\treeoffsetfive=\skip48
\treeoffsetsix=\skip49
\treeoffsetseven=\skip50
\treeoffseteight=\skip51
\treeoffsetnine=\skip52
\treeoffsetten=\skip53
\treeoffseteleven=\skip54
\treeoffsettwelve=\skip55
\treeoffsetthirteen=\skip56
\treeoffsetfourteen=\skip57
\treeoffsetfifteen=\skip58
\treeoffsetsixteen=\skip59
\treeoffsetseventeen=\skip60
\treeoffseteighteen=\skip61
\treeoffsetnineteen=\skip62
\treeoffsettwenty=\skip63
\treeshiftone=\skip64
\treeshifttwo=\skip65
\treeshiftthree=\skip66
\treeshiftfour=\skip67
\treeshiftfive=\skip68
\treeshiftsix=\skip69
\treeshiftseven=\skip70
\treeshifteight=\skip71
\treeshiftnine=\skip72
\treeshiftten=\skip73
\treeshifteleven=\skip74
\treeshifttwelve=\skip75
\treeshiftthirteen=\skip76
\treeshiftfourteen=\skip77
\treeshiftfifteen=\skip78
\treeshiftsixteen=\skip79
\treeshiftseventeen=\skip80
\treeshifteighteen=\skip81
\treeshiftnineteen=\skip82
\treeshifttwenty=\skip83
\treewidthone=\skip84
\treewidthtwo=\skip85
\treewidththree=\skip86
\treewidthfour=\skip87
\treewidthfive=\skip88
\treewidthsix=\skip89
\treewidthseven=\skip90
\treewidtheight=\skip91
\treewidthnine=\skip92
\treewidthten=\skip93
\treewidtheleven=\skip94
\treewidthtwelve=\skip95
\treewidththirteen=\skip96
\treewidthfourteen=\skip97
\treewidthfifteen=\skip98
\treewidthsixteen=\skip99
\treewidthseventeen=\skip100
\treewidtheighteen=\skip101
\treewidthnineteen=\skip102
\treewidthtwenty=\skip103
\daughteroffsetone=\skip104
\daughteroffsettwo=\skip105
\daughteroffsetthree=\skip106
\daughteroffsetfour=\skip107
\branchwidthone=\skip108
\branchwidthtwo=\skip109
\branchwidththree=\skip110
\branchwidthfour=\skip111
\parentoffset=\skip112
\treeoffset=\skip113
\daughteroffset=\skip114
\branchwidth=\skip115
\parentwidth=\skip116
\treewidth=\skip117
\qta=\toks16
\qtb=\toks17
\nbranches=\count90
\qroofx=\count91
\qroofy=\count92
\@qrscratchbox=\box48
)
("D:\Document\My research\paper - 2nd version\acl2014.aux")
LaTeX Font Info:    Checking defaults for OML/cmm/m/it on input line 50.
LaTeX Font Info:    ... okay on input line 50.
LaTeX Font Info:    Checking defaults for T1/cmr/m/n on input line 50.
LaTeX Font Info:    ... okay on input line 50.
LaTeX Font Info:    Checking defaults for OT1/cmr/m/n on input line 50.
LaTeX Font Info:    ... okay on input line 50.
LaTeX Font Info:    Checking defaults for OMS/cmsy/m/n on input line 50.
LaTeX Font Info:    ... okay on input line 50.
LaTeX Font Info:    Checking defaults for OMX/cmex/m/n on input line 50.
LaTeX Font Info:    ... okay on input line 50.
LaTeX Font Info:    Checking defaults for U/cmr/m/n on input line 50.
LaTeX Font Info:    ... okay on input line 50.
LaTeX Font Info:    Try loading font information for OT1+ptm on input line 50.

(E:\MiKTeX\tex\latex\psnfss\ot1ptm.fd
File: ot1ptm.fd 2001/06/04 font definitions for OT1/ptm.
)
(E:\MiKTeX\tex\context\base\supp-pdf.mkii
[Loading MPS to PDF converter (version 2006.09.02).]
\scratchcounter=\count93
\scratchdimen=\dimen108
\scratchbox=\box49
\nofMPsegments=\count94
\nofMParguments=\count95
\everyMPshowfont=\toks18
\MPscratchCnt=\count96
\MPscratchDim=\dimen109
\MPnumerator=\count97
\makeMPintoPDFobject=\count98
\everyMPtoPDFconversion=\toks19
)
LaTeX Font Info:    Font shape `OT1/ptm/bx/n' in size <14.4> not available
(Font)              Font shape `OT1/ptm/b/n' tried instead on input line 51.
LaTeX Font Info:    External font `cmex10' loaded for size
(Font)              <12> on input line 51.
LaTeX Font Info:    External font `cmex10' loaded for size
(Font)              <8> on input line 51.
LaTeX Font Info:    External font `cmex10' loaded for size
(Font)              <6> on input line 51.
LaTeX Font Info:    Try loading font information for U+lasy on input line 51.
 (E:\MiKTeX\tex\latex\base\ulasy.fd
File: ulasy.fd 1998/08/17 v2.2e LaTeX symbol font definitions
)
LaTeX Font Info:    Font shape `OT1/ptm/bx/n' in size <12> not available
(Font)              Font shape `OT1/ptm/b/n' tried instead on input line 51.
LaTeX Font Info:    Try loading font information for OT1+pcr on input line 51.
 (E:\MiKTeX\tex\latex\psnfss\ot1pcr.fd
File: ot1pcr.fd 2001/06/04 font definitions for OT1/pcr.
)
("D:\Document\My research\paper - 2nd version\abstract.tex"
Underfull \hbox (badness 3919) in paragraph at lines 2--3
[]\OT1/ptm/m/n/10 The feature-based shift-reduce con-stituent
 []

) ("D:\Document\My research\paper - 2nd version\Section1.tex"
Underfull \vbox (badness 10000) has occurred while \output is active []

 [1{C:/Users/lelightwin/AppData/Local/MiKTeX/2.9/pdftex/config/pdftex.map}




]
LaTeX Font Info:    Font shape `OT1/ptm/bx/n' in size <10.95> not available
(Font)              Font shape `OT1/ptm/b/n' tried instead on input line 4.
)
("D:\Document\My research\paper - 2nd version\Section2.tex"
("D:\Document\My research\paper - 2nd version\Figures/figure_SRDeduct.tex"
LaTeX Font Info:    External font `cmex10' loaded for size
(Font)              <10.95> on input line 2.

Underfull \hbox (badness 10000) in paragraph at lines 2--32

 []

)
("D:\Document\My research\paper - 2nd version\Figures/figure_SRDeduct_modified.
tex"
Underfull \hbox (badness 10000) in paragraph at lines 41--43

 []

) ("D:\Document\My research\paper - 2nd version\Tables/table_perceptron.tex")
LaTeX Font Info:    Try loading font information for OMS+ptm on input line 12.

(E:\MiKTeX\tex\latex\psnfss\omsptm.fd
File: omsptm.fd 
)
LaTeX Font Info:    Font shape `OMS/ptm/m/n' in size <10.95> not available
(Font)              Font shape `OMS/cmsy/m/n' tried instead on input line 12.
 [2]
LaTeX Font Info:    External font `cmex10' loaded for size
(Font)              <9> on input line 17.
LaTeX Font Info:    External font `cmex10' loaded for size
(Font)              <5> on input line 17.

Underfull \hbox (badness 1609) in paragraph at lines 17--18
\OT1/ptm/m/n/10.95 by global av-er-aged per-cep-tron which has been
 []

("D:\Document\My research\paper - 2nd version\Tables/baseline_feature.tex")
Underfull \hbox (badness 1648) in paragraph at lines 37--38
[]\OT1/ptm/m/n/10.95 B-REDUCE-L/R(X) + U-REDUCE(Y) (de-
 []

[3] ("D:\Document\My research\paper - 2nd version\Figures/figure_DPSRDeduct.tex
"
Overfull \hbox (36.49573pt too wide) in paragraph at lines 3--39
 [] 
 []

LaTeX Font Info:    External font `cmex10' loaded for size
(Font)              <7> on input line 41.
)
Underfull \hbox (badness 1603) in paragraph at lines 52--53
[]\OT1/ptm/m/n/10.95 Where $\OML/cmm/m/it/10.95 start$\OT1/ptm/m/n/10.95 ,$\OML
/cmm/m/it/10.95 end$\OT1/ptm/m/n/10.95 ,$\OML/cmm/m/it/10.95 head$ \OT1/ptm/m/n
/10.95 are re-spec-tively the
 []

[4] [5]) ("D:\Document\My research\paper - 2nd version\Section3.tex"

LaTeX Warning: Reference `baseline comp' on page 6 undefined on input line 8.


LaTeX Warning: Reference `baseline subcomp' on page 6 undefined on input line 8
.

[6]

LaTeX Warning: Reference `featComparison' on page 7 undefined on input line 53.


("D:\Document\My research\paper - 2nd version\Tables/simplified_feature.tex"))
("D:\Document\My research\paper - 2nd version\Section4.tex" [7]
Underfull \hbox (badness 3168) in paragraph at lines 21--22
[]\OT1/ptm/m/n/10.95 Looping un-til the popped can-di-date from
 []


Underfull \hbox (badness 4582) in paragraph at lines 58--58
[]\OT1/ptm/m/n/10.95 parsing speed on
 []


Underfull \hbox (badness 4582) in paragraph at lines 58--58
[]\OT1/ptm/m/n/10.95 parsing speed on
 []

[8]
Underfull \hbox (badness 1199) in paragraph at lines 75--76
[]\OT1/ptm/m/n/10.95 keeping all the in-com-plete con-stituent tags
 []


Underfull \hbox (badness 3579) in paragraph at lines 78--80
\OT1/ptm/m/n/10.95 will also be pro-jected in our sys-tem. The
 []


Underfull \hbox (badness 2277) in paragraph at lines 78--80
\OT1/ptm/m/n/10.95 pro-jected fea-tures will have the weight equal-
 []


Underfull \hbox (badness 2103) in paragraph at lines 78--80
\OT1/ptm/m/n/10.95 ing the max-i-mum value of all fea-tures which
 []


Underfull \hbox (badness 2126) in paragraph at lines 78--80
\OT1/ptm/m/n/10.95 project it. For ex-am-ple, there are shift fea-
 []


Underfull \hbox (badness 1412) in paragraph at lines 78--80
\OT1/ptm/m/n/10.95 tures whose types are $\OML/cmm/m/it/10.95 s[]:fw$\OT1/ptm/m
/n/10.95 +$\OML/cmm/m/it/10.95 s[]:c$ \OT1/ptm/m/n/10.95 with val-ues:
 []

[9]
Underfull \hbox (badness 1859) in paragraph at lines 88--90
\OT1/ptm/m/n/10.95 Both of those two above heuris-tics have their
 []

<cascadedAstar.png, id=46, 549.05125pt x 301.125pt>
File: cascadedAstar.png Graphic file (type png)
 <use cascadedAstar.png>
Package pdftex.def Info: cascadedAstar.png used on input line 93.
(pdftex.def)             Requested size: 234.87749pt x 128.81497pt.

Overfull \hbox (7.22688pt too wide) in paragraph at lines 93--94
 [][] 
 []

) ("D:\Document\My research\paper - 2nd version\Section5.tex")
("D:\Document\My research\paper - 2nd version\Section6.tex")
("D:\Document\My research\paper - 2nd version\acl2014.bbl"
Underfull \vbox (badness 2096) has occurred while \output is active []

 [10 <D:/Document/My research/paper - 2nd version/cascadedAstar.png (PNG copy)>
]
Missing character: There is no â in font ptmr7t!
Missing character: There is no € in font ptmr7t!
Missing character: There is no “ in font ptmr7t!
) [11]
("D:\Document\My research\paper - 2nd version\acl2014.aux")

LaTeX Warning: There were undefined references.

 ) 
Here is how much of TeX's memory you used:
 1787 strings out of 493921
 24405 string characters out of 3154485
 98723 words of memory out of 3000000
 5017 multiletter control sequences out of 15000+200000
 27830 words of font info for 62 fonts, out of 3000000 for 9000
 841 hyphenation exceptions out of 8191
 27i,18n,23p,1294b,472s stack positions out of 5000i,500n,10000p,200000b,50000s
{E:/MiKTeX/fonts/enc/dvips/fontname/8r.enc}<E:/MiKTeX/fonts/type1/public/amsf
onts/cm/cmex10.pfb><E:/MiKTeX/fonts/type1/public/amsfonts/cm/cmmi10.pfb><E:/MiK
TeX/fonts/type1/public/amsfonts/cm/cmmi6.pfb><E:/MiKTeX/fonts/type1/public/amsf
onts/cm/cmmi7.pfb><E:/MiKTeX/fonts/type1/public/amsfonts/cm/cmmi8.pfb><E:/MiKTe
X/fonts/type1/public/amsfonts/cm/cmmi9.pfb><E:/MiKTeX/fonts/type1/public/amsfon
ts/cm/cmr10.pfb><E:/MiKTeX/fonts/type1/public/amsfonts/cm/cmr7.pfb><E:/MiKTeX/f
onts/type1/public/amsfonts/cm/cmr8.pfb><E:/MiKTeX/fonts/type1/public/amsfonts/c
m/cmr9.pfb><E:/MiKTeX/fonts/type1/public/amsfonts/cm/cmsy10.pfb><E:/MiKTeX/font
s/type1/public/amsfonts/cm/cmsy8.pfb><E:/MiKTeX/fonts/type1/urw/courier/ucrr8a.
pfb><E:/MiKTeX/fonts/type1/urw/times/utmb8a.pfb><E:/MiKTeX/fonts/type1/urw/time
s/utmr8a.pfb><E:/MiKTeX/fonts/type1/urw/times/utmri8a.pfb>
Output written on acl2014.pdf (11 pages, 247602 bytes).
PDF statistics:
 104 PDF objects out of 1000 (max. 8388607)
 0 named destinations out of 1000 (max. 500000)
 6 words of extra memory for PDF output out of 10000 (max. 10000000)

